<?xml version="1.0" encoding="UTF-8"?>
<testsuite name="com.inft4001.StringCalculatorTest" tests="1" skipped="0" failures="0" errors="0" timestamp="2020-02-20T16:23:30" hostname="INWSC22101" time="0.002">
  <properties/>
  <testcase name="whenAllowMultipleDelimiters" classname="com.inft4001.StringCalculatorTest" time="0.002"/>
  <system-out><![CDATA[]]></system-out>
  <system-err><![CDATA[]]></system-err>
</testsuite>
